-- The C compiler identification is GNU 11.4.0
-- The CXX compiler identification is GNU 11.4.0
-- Detecting C compiler ABI info
-- Detecting C compiler ABI info - done
-- Check for working C compiler: /usr/bin/cc - skipped
-- Detecting C compile features
-- Detecting C compile features - done
-- Detecting CXX compiler ABI info
-- Detecting CXX compiler ABI info - done
-- Check for working CXX compiler: /usr/bin/c++ - skipped
-- Detecting CXX compile features
-- Detecting CXX compile features - done
-- Found rclcpp: 16.0.8 (/opt/ros/humble/share/rclcpp/cmake)
-- Found Python3: /usr/bin/python3 (found version "3.10.12") found components: Interpreter 
-- Found rosidl_generator_c: 3.1.5 (/opt/ros/humble/share/rosidl_generator_c/cmake)
-- Found rosidl_adapter: 3.1.5 (/opt/ros/humble/share/rosidl_adapter/cmake)
-- Found rosidl_generator_cpp: 3.1.5 (/opt/ros/humble/share/rosidl_generator_cpp/cmake)
-- Using all available rosidl_typesupport_c: rosidl_typesupport_fastrtps_c;rosidl_typesupport_introspection_c
-- Using all available rosidl_typesupport_cpp: rosidl_typesupport_fastrtps_cpp;rosidl_typesupport_introspection_cpp
-- Found rmw_implementation_cmake: 6.1.1 (/opt/ros/humble/share/rmw_implementation_cmake/cmake)
-- Found rmw_fastrtps_cpp: 6.2.6 (/opt/ros/humble/share/rmw_fastrtps_cpp/cmake)
-- Found OpenSSL: /usr/lib/x86_64-linux-gnu/libcrypto.so (found version "3.0.2")  
-- Found FastRTPS: /opt/ros/humble/include  
-- Using RMW implementation 'rmw_fastrtps_cpp' as default
-- Looking for pthread.h
-- Looking for pthread.h - found
-- Performing Test CMAKE_HAVE_LIBC_PTHREAD
-- Performing Test CMAKE_HAVE_LIBC_PTHREAD - Success
-- Found Threads: TRUE  
-- Found moveit_ros_planning_interface: 2.5.5 (/opt/ros/humble/share/moveit_ros_planning_interface/cmake)
-- Found Boost: /usr/lib/x86_64-linux-gnu/cmake/Boost-1.74.0/BoostConfig.cmake (found version "1.74.0") found components: date_time filesystem program_options system thread 
-- Found Boost: /usr/lib/x86_64-linux-gnu/cmake/Boost-1.74.0/BoostConfig.cmake (found version "1.74.0") found components: chrono date_time filesystem iostreams program_options regex serialization system thread 
-- Found parameter_traits: 0.3.8 (/opt/ros/humble/share/parameter_traits/cmake)
-- Found rclcpp_lifecycle: 16.0.8 (/opt/ros/humble/share/rclcpp_lifecycle/cmake)
-- Found Boost: /usr/lib/x86_64-linux-gnu/cmake/Boost-1.74.0/BoostConfig.cmake (found version "1.74.0") found components: filesystem 
-- library: /usr/lib/x86_64-linux-gnu/libcurl.so
-- Found Eigen3: TRUE (found version "3.4.0") 
-- Ensuring Eigen3 include directory is part of orocos-kdl CMake target
-- Found Boost: /usr/lib/x86_64-linux-gnu/cmake/Boost-1.74.0/BoostConfig.cmake (found version "1.74.0") found components: system filesystem date_time program_options thread chrono 
-- Found Boost: /usr/lib/x86_64-linux-gnu/cmake/Boost-1.74.0/BoostConfig.cmake (found version "1.74.0") found components: thread system filesystem regex date_time program_options 
-- Found Boost: /usr/lib/x86_64-linux-gnu/cmake/Boost-1.74.0/BoostConfig.cmake (found version "1.74.0") found components: system filesystem date_time program_options thread 
-- Configuring done
-- Generating done
-- Build files have been written to: /home/me492-ros/z_project8_ws/build/viperx
[ 33%] [32mBuilding CXX object CMakeFiles/viperctrl.dir/src/main.cpp.o[0m
[ 66%] [32mBuilding CXX object CMakeFiles/viperctrl.dir/src/viperx_controller.cpp.o[0m
[100%] [32m[1mLinking CXX executable viperctrl[0m
[100%] Built target viperctrl
-- Install configuration: ""
-- Installing: /home/me492-ros/z_project8_ws/install/viperx/lib/viperx/viperctrl
-- Set runtime path of "/home/me492-ros/z_project8_ws/install/viperx/lib/viperx/viperctrl" to ""
-- Installing: /home/me492-ros/z_project8_ws/install/viperx/share/ament_index/resource_index/package_run_dependencies/viperx
-- Installing: /home/me492-ros/z_project8_ws/install/viperx/share/ament_index/resource_index/parent_prefix_path/viperx
-- Installing: /home/me492-ros/z_project8_ws/install/viperx/share/viperx/environment/ament_prefix_path.sh
-- Installing: /home/me492-ros/z_project8_ws/install/viperx/share/viperx/environment/ament_prefix_path.dsv
-- Installing: /home/me492-ros/z_project8_ws/install/viperx/share/viperx/environment/path.sh
-- Installing: /home/me492-ros/z_project8_ws/install/viperx/share/viperx/environment/path.dsv
-- Installing: /home/me492-ros/z_project8_ws/install/viperx/share/viperx/local_setup.bash
-- Installing: /home/me492-ros/z_project8_ws/install/viperx/share/viperx/local_setup.sh
-- Installing: /home/me492-ros/z_project8_ws/install/viperx/share/viperx/local_setup.zsh
-- Installing: /home/me492-ros/z_project8_ws/install/viperx/share/viperx/local_setup.dsv
-- Installing: /home/me492-ros/z_project8_ws/install/viperx/share/viperx/package.dsv
-- Installing: /home/me492-ros/z_project8_ws/install/viperx/share/ament_index/resource_index/packages/viperx
-- Installing: /home/me492-ros/z_project8_ws/install/viperx/share/viperx/cmake/viperxConfig.cmake
-- Installing: /home/me492-ros/z_project8_ws/install/viperx/share/viperx/cmake/viperxConfig-version.cmake
-- Installing: /home/me492-ros/z_project8_ws/install/viperx/share/viperx/package.xml
